nohup: ignoring input
Optimizing ./output/cof_prune_A
Output folder: ./output/cof_prune_A [18/06 02:53:15]
feature_dim: 128 [18/06 02:53:16]
meta data loaded, total image:5100 [18/06 02:53:17]
meta data loaded, total image:300 [18/06 02:53:17]
  0%|          | 0/5100 [00:00<?, ?it/s]100%|██████████| 5100/5100 [00:00<00:00, 268872.40it/s]
0it [00:00, ?it/s]300it [00:00, 102475.05it/s]
origin points, 36352 [18/06 02:53:17]
after points, 36352 [18/06 02:53:17]
Loading Training Cameras [18/06 02:53:17]
Loading Test Cameras [18/06 02:53:17]
Loading Video Cameras [18/06 02:53:17]
Deformation Net Set aabb [ 856.44665527   29.5665741  2485.72387695] [-228.06988525 -134.49047852    6.00915694] [18/06 02:53:17]
Voxel Plane: set aabb= Parameter containing:
tensor([[ 856.4467,   29.5666, 2485.7239],
        [-228.0699, -134.4905,    6.0092]]) [18/06 02:53:17]
Number of points at initialisation :  36352 [18/06 02:53:18]
ic| gaussians.get_xyz.shape: torch.Size([122685, 3])
Training progress:   0%|          | 0/35000 [00:00<?, ?it/s]